<?xml version="1.0" encoding="UTF-8"?>
<!-- Generated by org.testng.reporters.JUnitReportReporter -->
<testsuite hostname="Jatinj" failures="0" tests="2" name="Shaadi.com.Assignment.CommunityTest" time="16.106" errors="0" timestamp="2021-10-30T17:19:36 IST" skipped="0">
  <testcase classname="Shaadi.com.Assignment.CommunityTest" name="VerifyCommunityTest" time="7.459"/>
  <system-out/>
  <testcase classname="Shaadi.com.Assignment.CommunityTest" name="VerifyCommunityTest" time="8.647"/>
  <system-out/>
</testsuite> <!-- Shaadi.com.Assignment.CommunityTest -->
